<?xml version="1.0" encoding="UTF-8"?>
<testng-results ignored="0" total="1" passed="1" failed="0" skipped="0">
  <reporter-output>
  </reporter-output>
  <suite started-at="2023-04-09T23:44:26 IST" name="Default suite" finished-at="2023-04-09T23:44:30 IST" duration-ms="3454">
    <groups>
    </groups>
    <test started-at="2023-04-09T23:44:26 IST" name="Default test" finished-at="2023-04-09T23:44:30 IST" duration-ms="3454">
      <class name="Post.Method.Example1post">
        <test-method signature="postMethod()[pri:0, instance:Post.Method.Example1post@31c88ec8]" started-at="2023-04-09T23:44:26 IST" name="postMethod" finished-at="2023-04-09T23:44:30 IST" duration-ms="3375" status="PASS">
          <reporter-output>
          </reporter-output>
        </test-method> <!-- postMethod -->
      </class> <!-- Post.Method.Example1post -->
    </test> <!-- Default test -->
  </suite> <!-- Default suite -->
</testng-results>
